Hibernate: 
    create table departments (
        id bigint generated by default as identity,
        deptname varchar(255) not null,
        primary key (id)
    )
Hibernate: 
    create table employee (
        salary integer not null,
        createdat timestamp(6) not null,
        deptid bigint,
        dob timestamp(6) not null,
        doj timestamp(6) not null,
        id bigint generated by default as identity,
        rankid bigint,
        updatedat timestamp(6),
        client_reqid varchar(255) not null,
        empid varchar(255) not null unique,
        fname varchar(255) not null,
        fullname varchar(255),
        reportsto varchar(255),
        primary key (id)
    )
Hibernate: 
    create table rank (
        id bigint generated by default as identity,
        parentrankid bigint,
        rankdesc varchar(255) not null,
        primary key (id)
    )
Hibernate: 
    alter table if exists employee 
       add constraint FKhry4waic7ka8xh2fxwh8bqhi 
       foreign key (deptid) 
       references departments
Hibernate: 
    alter table if exists employee 
       add constraint FKt8xoerqcr38r8q8qbttei5keq 
       foreign key (rankid) 
       references rank
Hibernate: 
    alter table if exists employee 
       add constraint FK93wr1lne7wn4ixu7sjbn6eg07 
       foreign key (reportsto) 
       references employee (empid)
Hibernate: 
    alter table if exists rank 
       add constraint FK9t0sfgis51i0agdvhcbo73cm0 
       foreign key (parentrankid) 
       references rank